<?xml version="1.0" encoding="UTF-8"?>
<!-- Generated by org.testng.reporters.JUnitReportReporter -->
<testsuite skipped="0" hostname="JASIMs-PC" name="org.parallel.B" tests="3" failures="0" timestamp="13 Feb 2021 03:32:02 GMT" time="0.015" errors="0">
  <testcase name="testB1" time="0.011" classname="org.parallel.B"/>
  <testcase name="testB3" time="0.001" classname="org.parallel.B"/>
  <testcase name="testB2" time="0.003" classname="org.parallel.B"/>
</testsuite> <!-- org.parallel.B -->
