<?xml version="1.0" encoding="UTF-8"?>
<!-- Generated by org.testng.reporters.JUnitReportReporter -->
<testsuite skipped="0" hostname="JASIMs-PC" name="org.parallel.ParallalTest" tests="3" failures="0" timestamp="13 Feb 2021 03:32:02 GMT" time="0.016" errors="0">
  <testcase name="testA1" time="0.011" classname="org.parallel.ParallalTest"/>
  <testcase name="testA2" time="0.003" classname="org.parallel.ParallalTest"/>
  <testcase name="testA3" time="0.002" classname="org.parallel.ParallalTest"/>
</testsuite> <!-- org.parallel.ParallalTest -->
