<?xml version="1.0" encoding="UTF-8"?>
<!-- Generated by org.testng.reporters.JUnitReportReporter -->
<testsuite skipped="0" hostname="JASIMs-PC" name="org.adactin.HotelBooking" tests="1" failures="0" timestamp="12 Feb 2021 10:33:27 GMT" time="16.813" errors="0">
  <testcase name="test" time="16.813" classname="org.adactin.HotelBooking"/>
</testsuite> <!-- org.adactin.HotelBooking -->
