<?xml version="1.0" encoding="UTF-8"?>
<!-- Generated by org.testng.reporters.JUnitReportReporter -->
<testsuite skipped="0" hostname="JASIMs-PC" name="org.grouping.Grouping1" tests="4" failures="0" timestamp="13 Feb 2021 03:13:38 GMT" time="0.013" errors="0">
  <testcase name="testA6" time="0.001" classname="org.grouping.Grouping1"/>
  <testcase name="testA2" time="0.009" classname="org.grouping.Grouping1"/>
  <testcase name="testA3" time="0.002" classname="org.grouping.Grouping1"/>
  <testcase name="testA4" time="0.001" classname="org.grouping.Grouping1"/>
</testsuite> <!-- org.grouping.Grouping1 -->
