<?xml version="1.0" encoding="UTF-8"?>
<!-- Generated by org.testng.reporters.JUnitReportReporter -->
<testsuite skipped="0" hostname="JASIMs-PC" name="org.parallel.C" tests="3" failures="0" timestamp="13 Feb 2021 03:32:02 GMT" time="0.013" errors="0">
  <testcase name="testC1" time="0.011" classname="org.parallel.C"/>
  <testcase name="testC2" time="0.001" classname="org.parallel.C"/>
  <testcase name="testC3" time="0.001" classname="org.parallel.C"/>
</testsuite> <!-- org.parallel.C -->
