<?xml version="1.0" encoding="UTF-8"?>
<!-- Generated by org.testng.reporters.JUnitReportReporter -->
<testsuite skipped="0" hostname="JASIMs-PC" name="org.parameters.Parameterss" tests="2" failures="0" timestamp="12 Feb 2021 10:11:24 GMT" time="0.011" errors="0">
  <testcase name="test2" time="0.001" classname="org.parameters.Parameterss"/>
  <testcase name="test1" time="0.010" classname="org.parameters.Parameterss"/>
</testsuite> <!-- org.parameters.Parameterss -->
