<?xml version="1.0" encoding="UTF-8"?>
<!-- Generated by org.testng.reporters.JUnitReportReporter -->
<testsuite skipped="0" hostname="JASIMs-PC" name="org.sample.TestNGSample" tests="1" failures="0" timestamp="08 Feb 2021 07:14:50 GMT" time="16.796" errors="0">
  <testcase name="test" time="16.796" classname="org.sample.TestNGSample"/>
</testsuite> <!-- org.sample.TestNGSample -->
