<?xml version="1.0" encoding="UTF-8"?>
<!-- Generated by org.testng.reporters.JUnitReportReporter -->
<testsuite skipped="1" hostname="JASIMs-PC" name="org.parameters.Facebook" tests="3" failures="0" timestamp="12 Feb 2021 10:11:24 GMT" time="1.682" errors="0">
  <testcase name="test3" time="0.008" classname="org.parameters.Facebook"/>
  <testcase name="test1" time="1.674" classname="org.parameters.Facebook"/>
  <testcase name="test2" classname="org.parameters.Facebook">
    <skipped/>
  </testcase> <!-- test2 -->
</testsuite> <!-- org.parameters.Facebook -->
